<?xml version="1.0" encoding="UTF-8"?>
<testng-results skipped="0" failed="0" ignored="0" total="1" passed="1">
  <reporter-output>
  </reporter-output>
  <suite name="Default suite" duration-ms="11882" started-at="2019-10-15T05:21:32Z" finished-at="2019-10-15T05:21:44Z">
    <groups>
    </groups>
    <test name="Default test" duration-ms="11882" started-at="2019-10-15T05:21:32Z" finished-at="2019-10-15T05:21:44Z">
      <class name="demo1510.Login_Test">
        <test-method status="PASS" signature="beforeMethod()[pri:0, instance:demo1510.Login_Test@c038203]" name="beforeMethod" is-config="true" duration-ms="7547" started-at="2019-10-15T05:21:32Z" finished-at="2019-10-15T05:21:39Z">
          <reporter-output>
          </reporter-output>
        </test-method> <!-- beforeMethod -->
        <test-method status="PASS" signature="search()[pri:0, instance:demo1510.Login_Test@c038203]" name="search" duration-ms="156" started-at="2019-10-15T05:21:39Z" finished-at="2019-10-15T05:21:40Z">
          <reporter-output>
          </reporter-output>
        </test-method> <!-- search -->
        <test-method status="PASS" signature="afterMethod()[pri:0, instance:demo1510.Login_Test@c038203]" name="afterMethod" is-config="true" duration-ms="4144" started-at="2019-10-15T05:21:40Z" finished-at="2019-10-15T05:21:44Z">
          <reporter-output>
          </reporter-output>
        </test-method> <!-- afterMethod -->
      </class> <!-- demo1510.Login_Test -->
    </test> <!-- Default test -->
  </suite> <!-- Default suite -->
</testng-results>
